<?xml version="1.0" encoding="UTF-8"?>
<testsuite name="de.thundergames.playmechanics.game.GameUtilTest" tests="5" skipped="0" failures="0" errors="0" timestamp="2021-12-23T13:02:43" hostname="CARINAS-LAPTOP" time="0.052">
  <properties/>
  <testcase name="nextPlayer()" classname="de.thundergames.playmechanics.game.GameUtilTest" time="0.031"/>
  <testcase name="allPlayerMolesInHoles()" classname="de.thundergames.playmechanics.game.GameUtilTest" time="0.01"/>
  <testcase name="allHolesFilled()" classname="de.thundergames.playmechanics.game.GameUtilTest" time="0.003"/>
  <testcase name="nextFloor()" classname="de.thundergames.playmechanics.game.GameUtilTest" time="0.002"/>
  <testcase name="givePoints()" classname="de.thundergames.playmechanics.game.GameUtilTest" time="0.002"/>
  <system-out><![CDATA[]]></system-out>
  <system-err><![CDATA[]]></system-err>
</testsuite>
