<?xml version="1.0" encoding="UTF-8"?>
<testsuite name="de.thundergames.playmechanics.map.MapTest" tests="3" skipped="0" failures="0" errors="0" timestamp="2021-12-23T13:02:43" hostname="CARINAS-LAPTOP" time="0.004">
  <properties/>
  <testcase name="createMapRadiusTwo()" classname="de.thundergames.playmechanics.map.MapTest" time="0.001"/>
  <testcase name="changeFieldParams()" classname="de.thundergames.playmechanics.map.MapTest" time="0.0"/>
  <testcase name="createMapRadiusFive()" classname="de.thundergames.playmechanics.map.MapTest" time="0.001"/>
  <system-out><![CDATA[]]></system-out>
  <system-err><![CDATA[]]></system-err>
</testsuite>
