<?xml version="1.0" encoding="UTF-8"?>
<testsuite name="de.thundergames.playmechanics.game.GameLogicTest" tests="2" skipped="0" failures="0" errors="0" timestamp="2021-12-23T13:02:42" hostname="CARINAS-LAPTOP" time="0.051">
  <properties/>
  <testcase name="wasLegalMove()" classname="de.thundergames.playmechanics.game.GameLogicTest" time="0.049"/>
  <testcase name="checkWinning()" classname="de.thundergames.playmechanics.game.GameLogicTest" time="0.0"/>
  <system-out><![CDATA[occupied field: 1 1
occupied field: 1 1
occupied field: 1 1
occupied field: 1 1
occupied field: 1 1
occupied field: 1 1
occupied field: 1 1
occupied field: 1 1
]]></system-out>
  <system-err><![CDATA[]]></system-err>
</testsuite>
